<?xml version="1.0" encoding="utf-8"?><testsuites name="pytest tests"><testsuite name="pytest" errors="0" failures="0" skipped="0" tests="10" time="6.604" timestamp="2026-08-12T10:03:09.359458+00:00" hostname="agent-env-3978e7c0-d4db-485c-bc84-194becbbce8e"><testcase classname="backend.tests.test_profile_features" name="test_account_info_seed_user" time="0.415" /><testcase classname="backend.tests.test_profile_features" name="test_account_info_unauthenticated" time="0.120" /><testcase classname="backend.tests.test_profile_features" name="test_change_password_wrong_current" time="0.591" /><testcase classname="backend.tests.test_profile_features" name="test_change_password_success_and_login" time="1.487" /><testcase classname="backend.tests.test_profile_features" name="test_change_password_too_short" time="0.362" /><testcase classname="backend.tests.test_profile_features" name="test_change_email_wrong_password" time="0.586" /><testcase classname="backend.tests.test_profile_features" name="test_change_email_duplicate" time="0.621" /><testcase classname="backend.tests.test_profile_features" name="test_change_email_success_and_login" time="1.030" /><testcase classname="backend.tests.test_profile_features" name="test_forgot_password_registered_email" time="1.192" /><testcase classname="backend.tests.test_profile_features" name="test_forgot_password_unknown_email_returns_generic" time="0.120" /></testsuite></testsuites>