<?xml version="1.0" encoding="utf-8"?><testsuites name="pytest tests"><testsuite name="pytest" errors="0" failures="0" skipped="0" tests="2" time="0.997" timestamp="2026-08-12T10:25:29.430533+00:00" hostname="agent-env-3978e7c0-d4db-485c-bc84-194becbbce8e"><testcase classname="backend.tests.test_series_cover" name="test_books_list_exposes_serie_root_id" time="0.756" /><testcase classname="backend.tests.test_series_cover" name="test_use_parent_cover_on_non_series_returns_400" time="0.187" /></testsuite></testsuites>