<?xml version="1.0" encoding="utf-8"?><testsuites name="pytest tests"><testsuite name="pytest" errors="0" failures="0" skipped="0" tests="12" time="10.130" timestamp="2026-08-12T09:46:28.778266+00:00" hostname="agent-env-3978e7c0-d4db-485c-bc84-194becbbce8e"><testcase classname="backend.tests.test_auth_email_password.TestLoginMe" name="test_login_seeded_user_sets_cookies" time="2.561" /><testcase classname="backend.tests.test_auth_email_password.TestLoginMe" name="test_me_returns_same_user" time="0.359" /><testcase classname="backend.tests.test_auth_email_password.TestLoginMe" name="test_login_wrong_password_401_italian" time="0.325" /><testcase classname="backend.tests.test_auth_email_password.TestRegister" name="test_register_creates_user_with_15_credits" time="0.365" /><testcase classname="backend.tests.test_auth_email_password.TestRegister" name="test_register_duplicate_email_400_italian" time="0.094" /><testcase classname="backend.tests.test_auth_email_password.TestBruteForce" name="test_lockout_after_5_fails" time="2.157" /><testcase classname="backend.tests.test_auth_email_password.TestForgotReset" name="test_forgot_logs_reset_link_and_reset_works" time="2.489" /><testcase classname="backend.tests.test_auth_email_password.TestRefreshLogout" name="test_refresh_returns_ok_and_rotates_access" time="0.427" /><testcase classname="backend.tests.test_auth_email_password.TestRefreshLogout" name="test_logout_clears_cookies" time="0.409" /><testcase classname="backend.tests.test_auth_email_password.TestProtectedRoutesRegression" name="test_books_list_works_with_jwt_cookie" time="0.361" /><testcase classname="backend.tests.test_auth_email_password.TestProtectedRoutesRegression" name="test_books_list_401_without_auth" time="0.090" /><testcase classname="backend.tests.test_auth_email_password.TestProtectedRoutesRegression" name="test_books_list_works_with_bearer_jwt" time="0.413" /></testsuite></testsuites>